<?xml version="1.0" encoding="UTF-8"?>
<testng-results ignored="0" total="2" passed="2" failed="0" skipped="0">
  <reporter-output>
  </reporter-output>
  <suite started-at="2026-08-20T15:56:48 IST" name="Suite" finished-at="2026-08-20T15:57:12 IST" duration-ms="23214">
    <groups>
      <group name="Master">
        <method signature="TC001_AccountRegistrationTest.verify_account_registration()[pri:0, instance:testCases.TC001_AccountRegistrationTest@57a3af25]" name="verify_account_registration" class="testCases.TC001_AccountRegistrationTest"/>
        <method signature="TC002_LoginTest.verify_login()[pri:0, instance:testCases.TC002_LoginTest@6adbc9d]" name="verify_login" class="testCases.TC002_LoginTest"/>
      </group> <!-- Master -->
      <group name="regression">
        <method signature="TC001_AccountRegistrationTest.verify_account_registration()[pri:0, instance:testCases.TC001_AccountRegistrationTest@57a3af25]" name="verify_account_registration" class="testCases.TC001_AccountRegistrationTest"/>
      </group> <!-- regression -->
      <group name="sanity">
        <method signature="TC002_LoginTest.verify_login()[pri:0, instance:testCases.TC002_LoginTest@6adbc9d]" name="verify_login" class="testCases.TC002_LoginTest"/>
      </group> <!-- sanity -->
    </groups>
    <test started-at="2026-08-20T15:56:48 IST" name="Test" finished-at="2026-08-20T15:57:12 IST" duration-ms="23214">
      <class name="testCases.TC002_LoginTest">
        <test-method is-config="true" signature="setup(java.lang.String,java.lang.String)[pri:0, instance:testCases.TC002_LoginTest@6adbc9d]" started-at="2026-08-20T15:57:05 IST" name="setup" finished-at="2026-08-20T15:57:09 IST" duration-ms="3943" status="PASS">
          <params>
            <param index="0">
              <value>
                <![CDATA[Windows]]>
              </value>
            </param>
            <param index="1">
              <value>
                <![CDATA[chrome]]>
              </value>
            </param>
          </params>
          <reporter-output>
          </reporter-output>
        </test-method> <!-- setup -->
        <test-method signature="verify_login()[pri:0, instance:testCases.TC002_LoginTest@6adbc9d]" started-at="2026-08-20T15:57:09 IST" name="verify_login" finished-at="2026-08-20T15:57:11 IST" duration-ms="2090" status="PASS">
          <reporter-output>
          </reporter-output>
        </test-method> <!-- verify_login -->
        <test-method is-config="true" signature="tearDown()[pri:0, instance:testCases.TC002_LoginTest@6adbc9d]" started-at="2026-08-20T15:57:11 IST" name="tearDown" finished-at="2026-08-20T15:57:12 IST" duration-ms="388" status="PASS">
          <reporter-output>
          </reporter-output>
        </test-method> <!-- tearDown -->
      </class> <!-- testCases.TC002_LoginTest -->
      <class name="testCases.TC001_AccountRegistrationTest">
        <test-method is-config="true" signature="setup(java.lang.String,java.lang.String)[pri:0, instance:testCases.TC001_AccountRegistrationTest@57a3af25]" started-at="2026-08-20T15:56:49 IST" name="setup" finished-at="2026-08-20T15:57:01 IST" duration-ms="11691" status="PASS">
          <params>
            <param index="0">
              <value>
                <![CDATA[Windows]]>
              </value>
            </param>
            <param index="1">
              <value>
                <![CDATA[chrome]]>
              </value>
            </param>
          </params>
          <reporter-output>
          </reporter-output>
        </test-method> <!-- setup -->
        <test-method signature="verify_account_registration()[pri:0, instance:testCases.TC001_AccountRegistrationTest@57a3af25]" started-at="2026-08-20T15:57:01 IST" name="verify_account_registration" finished-at="2026-08-20T15:57:05 IST" duration-ms="3482" status="PASS">
          <reporter-output>
          </reporter-output>
        </test-method> <!-- verify_account_registration -->
        <test-method is-config="true" signature="tearDown()[pri:0, instance:testCases.TC001_AccountRegistrationTest@57a3af25]" started-at="2026-08-20T15:57:05 IST" name="tearDown" finished-at="2026-08-20T15:57:05 IST" duration-ms="570" status="PASS">
          <reporter-output>
          </reporter-output>
        </test-method> <!-- tearDown -->
      </class> <!-- testCases.TC001_AccountRegistrationTest -->
    </test> <!-- Test -->
  </suite> <!-- Suite -->
</testng-results>
