<?xml version="1.0" encoding="UTF-8"?>
<testng-results ignored="0" total="2" passed="2" failed="0" skipped="0">
  <reporter-output>
  </reporter-output>
  <suite started-at="2026-08-06T12:32:10 IST" name="Suite" finished-at="2026-08-06T12:32:27 IST" duration-ms="17632">
    <groups>
      <group name="Master">
        <method signature="TC001_AccountRegistrationTest.verify_account_registration()[pri:0, instance:testCases.TC001_AccountRegistrationTest@38e79ae3]" name="verify_account_registration" class="testCases.TC001_AccountRegistrationTest"/>
        <method signature="TC002_LoginTest.verify_login()[pri:0, instance:testCases.TC002_LoginTest@31f9b85e]" name="verify_login" class="testCases.TC002_LoginTest"/>
        <method signature="TC001_AccountRegistrationTest.verify_account_registration()[pri:0, instance:testCases.TC001_AccountRegistrationTest@3c947bc5]" name="verify_account_registration" class="testCases.TC001_AccountRegistrationTest"/>
        <method signature="TC002_LoginTest.verify_login()[pri:0, instance:testCases.TC002_LoginTest@609db43b]" name="verify_login" class="testCases.TC002_LoginTest"/>
      </group> <!-- Master -->
      <group name="regression">
        <method signature="TC001_AccountRegistrationTest.verify_account_registration()[pri:0, instance:testCases.TC001_AccountRegistrationTest@38e79ae3]" name="verify_account_registration" class="testCases.TC001_AccountRegistrationTest"/>
        <method signature="TC001_AccountRegistrationTest.verify_account_registration()[pri:0, instance:testCases.TC001_AccountRegistrationTest@3c947bc5]" name="verify_account_registration" class="testCases.TC001_AccountRegistrationTest"/>
      </group> <!-- regression -->
      <group name="sanity">
        <method signature="TC002_LoginTest.verify_login()[pri:0, instance:testCases.TC002_LoginTest@31f9b85e]" name="verify_login" class="testCases.TC002_LoginTest"/>
        <method signature="TC002_LoginTest.verify_login()[pri:0, instance:testCases.TC002_LoginTest@609db43b]" name="verify_login" class="testCases.TC002_LoginTest"/>
      </group> <!-- sanity -->
    </groups>
    <test started-at="2026-08-06T12:32:10 IST" name="ChromeTest" finished-at="2026-08-06T12:32:27 IST" duration-ms="17632">
      <class name="testCases.TC002_LoginTest">
        <test-method is-config="true" signature="setup(java.lang.String,java.lang.String)[pri:0, instance:testCases.TC002_LoginTest@31f9b85e]" started-at="2026-08-06T12:32:21 IST" name="setup" finished-at="2026-08-06T12:32:24 IST" duration-ms="2849" status="PASS">
          <params>
            <param index="0">
              <value>
                <![CDATA[Windows]]>
              </value>
            </param>
            <param index="1">
              <value>
                <![CDATA[chrome]]>
              </value>
            </param>
          </params>
          <reporter-output>
          </reporter-output>
        </test-method> <!-- setup -->
        <test-method signature="verify_login()[pri:0, instance:testCases.TC002_LoginTest@31f9b85e]" started-at="2026-08-06T12:32:24 IST" name="verify_login" finished-at="2026-08-06T12:32:27 IST" duration-ms="3185" status="PASS">
          <reporter-output>
          </reporter-output>
        </test-method> <!-- verify_login -->
        <test-method is-config="true" signature="tearDown()[pri:0, instance:testCases.TC002_LoginTest@31f9b85e]" started-at="2026-08-06T12:32:27 IST" name="tearDown" finished-at="2026-08-06T12:32:27 IST" duration-ms="328" status="PASS">
          <reporter-output>
          </reporter-output>
        </test-method> <!-- tearDown -->
      </class> <!-- testCases.TC002_LoginTest -->
      <class name="testCases.TC001_AccountRegistrationTest">
        <test-method is-config="true" signature="setup(java.lang.String,java.lang.String)[pri:0, instance:testCases.TC001_AccountRegistrationTest@38e79ae3]" started-at="2026-08-06T12:32:10 IST" name="setup" finished-at="2026-08-06T12:32:16 IST" duration-ms="5436" status="PASS">
          <params>
            <param index="0">
              <value>
                <![CDATA[Windows]]>
              </value>
            </param>
            <param index="1">
              <value>
                <![CDATA[chrome]]>
              </value>
            </param>
          </params>
          <reporter-output>
          </reporter-output>
        </test-method> <!-- setup -->
        <test-method signature="verify_account_registration()[pri:0, instance:testCases.TC001_AccountRegistrationTest@38e79ae3]" started-at="2026-08-06T12:32:16 IST" name="verify_account_registration" finished-at="2026-08-06T12:32:21 IST" duration-ms="5049" status="PASS">
          <reporter-output>
          </reporter-output>
        </test-method> <!-- verify_account_registration -->
        <test-method is-config="true" signature="tearDown()[pri:0, instance:testCases.TC001_AccountRegistrationTest@38e79ae3]" started-at="2026-08-06T12:32:21 IST" name="tearDown" finished-at="2026-08-06T12:32:21 IST" duration-ms="433" status="PASS">
          <reporter-output>
          </reporter-output>
        </test-method> <!-- tearDown -->
      </class> <!-- testCases.TC001_AccountRegistrationTest -->
    </test> <!-- ChromeTest -->
  </suite> <!-- Suite -->
</testng-results>
